[ 2016-09-10T00:52:24+08:00 ] 51.254.141.30 /robots.txt
INFO: [ app_init ] --START--
INFO: Run Behavior\BuildLiteBehavior [ RunTime:0.000021s ]
INFO: [ app_init ] --END-- [ RunTime:0.017080s ]
ERR: 无法加载模块:Robots

[ 2016-09-10T04:17:29+08:00 ] 123.126.113.126 /ch/Advisory-10.html
INFO: [ app_init ] --START--
INFO: Run Behavior\BuildLiteBehavior [ RunTime:0.000021s ]
INFO: [ app_init ] --END-- [ RunTime:0.000317s ]
ERR: 无法加载模块:Ch

[ 2016-09-10T04:18:53+08:00 ] 123.126.113.126 /En/NewsList.asp
INFO: [ app_init ] --START--
INFO: Run Behavior\BuildLiteBehavior [ RunTime:0.000021s ]
INFO: [ app_init ] --END-- [ RunTime:0.000316s ]
ERR: 无法加载模块:En

[ 2016-09-10T04:22:52+08:00 ] 123.126.113.126 /procon.asp?cid=313&tid=320&dataid=325
INFO: [ app_init ] --START--
INFO: Run Behavior\BuildLiteBehavior [ RunTime:0.000017s ]
INFO: [ app_init ] --END-- [ RunTime:0.000273s ]
ERR: 无法加载模块:Procon

[ 2016-09-10T04:28:23+08:00 ] 123.126.113.126 /pro.asp?page=4&cid=0&tid=312
INFO: [ app_init ] --START--
INFO: Run Behavior\BuildLiteBehavior [ RunTime:0.000018s ]
INFO: [ app_init ] --END-- [ RunTime:0.000268s ]
ERR: 无法加载模块:Pro

[ 2016-09-10T04:29:42+08:00 ] 123.126.113.126 /procon.asp?cid=0&tid=312&dataid=369
INFO: [ app_init ] --START--
INFO: Run Behavior\BuildLiteBehavior [ RunTime:0.000019s ]
INFO: [ app_init ] --END-- [ RunTime:0.000267s ]
ERR: 无法加载模块:Procon

[ 2016-09-10T04:55:07+08:00 ] 123.125.67.163 /robots.txt
INFO: [ app_init ] --START--
INFO: Run Behavior\BuildLiteBehavior [ RunTime:0.000024s ]
INFO: [ app_init ] --END-- [ RunTime:0.040714s ]
ERR: 无法加载模块:Robots

[ 2016-09-10T12:28:33+08:00 ] 1.83.112.225 /Public/Uploads/Picture/2016-08-18/57b58b7f636bc.jpg
INFO: [ app_init ] --START--
INFO: Run Behavior\BuildLiteBehavior [ RunTime:0.000013s ]
INFO: [ app_init ] --END-- [ RunTime:0.000237s ]

[ 2016-09-10T12:58:26+08:00 ] 123.125.71.111 /ganju/tpl/www/images/yuanjiao.png
INFO: [ app_init ] --START--
INFO: Run Behavior\BuildLiteBehavior [ RunTime:0.000028s ]
INFO: [ app_init ] --END-- [ RunTime:0.073240s ]
ERR: 无法加载模块:Ganju

[ 2016-09-10T13:48:17+08:00 ] 124.200.88.2 //Public/Home/js/skin/layer.css
INFO: [ app_init ] --START--
INFO: Run Behavior\BuildLiteBehavior [ RunTime:0.000018s ]
INFO: [ app_init ] --END-- [ RunTime:0.000268s ]
ERR: 无法加载模块:Public

[ 2016-09-10T14:17:11+08:00 ] 123.126.113.126 /En/YingXiaoWangLuo-3-1.html
INFO: [ app_init ] --START--
INFO: Run Behavior\BuildLiteBehavior [ RunTime:0.000012s ]
INFO: [ app_init ] --END-- [ RunTime:0.000233s ]
ERR: 无法加载模块:En

[ 2016-09-10T14:24:54+08:00 ] 123.126.113.126 /En/GonGSiXinWen-13-1.html
INFO: [ app_init ] --START--
INFO: Run Behavior\BuildLiteBehavior [ RunTime:0.000017s ]
INFO: [ app_init ] --END-- [ RunTime:0.000299s ]
ERR: 无法加载模块:En

[ 2016-09-10T15:44:05+08:00 ] 124.200.88.2 //Public/Home/js/skin/layer.css
INFO: [ app_init ] --START--
INFO: Run Behavior\BuildLiteBehavior [ RunTime:0.000014s ]
INFO: [ app_init ] --END-- [ RunTime:0.000250s ]
ERR: 无法加载模块:Public

[ 2016-09-10T17:06:33+08:00 ] 124.200.88.2 //Public/Home/js/skin/layer.css
INFO: [ app_init ] --START--
INFO: Run Behavior\BuildLiteBehavior [ RunTime:0.000018s ]
INFO: [ app_init ] --END-- [ RunTime:0.000265s ]
ERR: 无法加载模块:Public

[ 2016-09-10T17:58:20+08:00 ] 223.104.11.103 /favicon.ico
INFO: [ app_init ] --START--
INFO: Run Behavior\BuildLiteBehavior [ RunTime:0.000012s ]
INFO: [ app_init ] --END-- [ RunTime:0.000234s ]

[ 2016-09-10T18:46:45+08:00 ] 93.238.207.140 /robots.txt
INFO: [ app_init ] --START--
INFO: Run Behavior\BuildLiteBehavior [ RunTime:0.000046s ]
INFO: [ app_init ] --END-- [ RunTime:0.059103s ]
ERR: 无法加载模块:Robots

[ 2016-09-10T20:51:46+08:00 ] 198.2.221.212 /b.asp
INFO: [ app_init ] --START--
INFO: Run Behavior\BuildLiteBehavior [ RunTime:0.000019s ]
INFO: [ app_init ] --END-- [ RunTime:0.027607s ]
ERR: 无法加载模块:B

[ 2016-09-10T23:01:31+08:00 ] 49.221.62.206 /favicon.ico
INFO: [ app_init ] --START--
INFO: Run Behavior\BuildLiteBehavior [ RunTime:0.000018s ]
INFO: [ app_init ] --END-- [ RunTime:0.086615s ]

[ 2016-09-10T23:06:37+08:00 ] 49.221.62.206 /favicon.ico
INFO: [ app_init ] --START--
INFO: Run Behavior\BuildLiteBehavior [ RunTime:0.000022s ]
INFO: [ app_init ] --END-- [ RunTime:0.000321s ]

[ 2016-09-10T23:12:14+08:00 ] 49.221.62.206 /Public/Images/tz-bg.png
INFO: [ app_init ] --START--
INFO: Run Behavior\BuildLiteBehavior [ RunTime:0.000018s ]
INFO: [ app_init ] --END-- [ RunTime:0.000280s ]

