[ 2016-09-19T10:41:23+08:00 ] 114.112.125.36 /Public/Lnong/images/lbg.jpg
INFO: [ app_init ] --START--
INFO: Run Behavior\BuildLiteBehavior [ RunTime:0.000035s ]
INFO: [ app_init ] --END-- [ RunTime:0.000471s ]
ERR: 无法加载模块:Public

[ 2016-09-19T10:46:42+08:00 ] 114.112.125.36 /Public/Lnong/images/ncie.png
INFO: [ app_init ] --START--
INFO: Run Behavior\BuildLiteBehavior [ RunTime:0.000016s ]
INFO: [ app_init ] --END-- [ RunTime:0.000271s ]
ERR: 无法加载模块:Public

[ 2016-09-19T11:01:49+08:00 ] 114.248.129.231 /Public/Images/tz-bg.png
INFO: [ app_init ] --START--
INFO: Run Behavior\BuildLiteBehavior [ RunTime:0.000016s ]
INFO: [ app_init ] --END-- [ RunTime:0.000278s ]
ERR: 无法加载模块:Public

[ 2016-09-19T12:33:12+08:00 ] 123.125.71.114 /robots.txt
INFO: [ app_init ] --START--
INFO: Run Behavior\BuildLiteBehavior [ RunTime:0.000023s ]
INFO: [ app_init ] --END-- [ RunTime:0.012325s ]
ERR: 无法加载模块:Robots

[ 2016-09-19T13:09:26+08:00 ] 114.112.125.36 /Public/images/library/tips/bg_trans.png
INFO: [ app_init ] --START--
INFO: Run Behavior\BuildLiteBehavior [ RunTime:0.000017s ]
INFO: [ app_init ] --END-- [ RunTime:0.029385s ]
ERR: 无法加载模块:Public

[ 2016-09-19T14:17:57+08:00 ] 114.248.129.231 /Public/Uploads/Picture/2016-09-19/57df7c4b61d222233.jpeg
INFO: [ app_init ] --START--
INFO: Run Behavior\BuildLiteBehavior [ RunTime:0.000012s ]
INFO: [ app_init ] --END-- [ RunTime:0.000234s ]
ERR: 无法加载模块:Public

[ 2016-09-19T14:23:22+08:00 ] 114.112.125.36 /Public/images/library/tips/bg_trans.png
INFO: [ app_init ] --START--
INFO: Run Behavior\BuildLiteBehavior [ RunTime:0.000013s ]
INFO: [ app_init ] --END-- [ RunTime:0.000250s ]
ERR: 无法加载模块:Public

[ 2016-09-19T14:37:24+08:00 ] 114.248.129.231 /Public/Uploads/Picture/2016-09-19/57df7c4b61d222233.jpeg
INFO: [ app_init ] --START--
INFO: Run Behavior\BuildLiteBehavior [ RunTime:0.000011s ]
INFO: [ app_init ] --END-- [ RunTime:0.000531s ]
ERR: 无法加载模块:Public

[ 2016-09-19T14:43:12+08:00 ] 114.248.129.231 /Public/Uploads/Picture/2016-09-19/57df7c4b61f7b7137.jpeg
INFO: [ app_init ] --START--
INFO: Run Behavior\BuildLiteBehavior [ RunTime:0.000012s ]
INFO: [ app_init ] --END-- [ RunTime:0.000236s ]
ERR: 无法加载模块:Public

[ 2016-09-19T14:55:04+08:00 ] 221.222.136.61 /Public/Uploads/Picture/2016-09-19/57df7c4b6209f2537.jpeg
INFO: [ app_init ] --START--
INFO: Run Behavior\BuildLiteBehavior [ RunTime:0.000020s ]
INFO: [ app_init ] --END-- [ RunTime:0.000301s ]
ERR: 无法加载模块:Public

[ 2016-09-19T15:12:28+08:00 ] 182.132.66.208 /favicon.ico
INFO: [ app_init ] --START--
INFO: Run Behavior\BuildLiteBehavior [ RunTime:0.000012s ]
INFO: [ app_init ] --END-- [ RunTime:0.000256s ]
ERR: 无法加载模块:Favicon

[ 2016-09-19T15:26:52+08:00 ] 182.132.66.208 /Public/Lnong/images/lbg.jpg
INFO: [ app_init ] --START--
INFO: Run Behavior\BuildLiteBehavior [ RunTime:0.000017s ]
INFO: [ app_init ] --END-- [ RunTime:0.024972s ]
ERR: 无法加载模块:Public

[ 2016-09-19T15:31:43+08:00 ] 182.132.66.208 /Public/Images/tz-bg.png
INFO: [ app_init ] --START--
INFO: Run Behavior\BuildLiteBehavior [ RunTime:0.000022s ]
INFO: [ app_init ] --END-- [ RunTime:0.000344s ]
ERR: 无法加载模块:Public

[ 2016-09-19T16:28:05+08:00 ] 221.222.140.24 /Public/Uploads/Picture/2016-09-19/57df82a3b66385146.
INFO: [ app_init ] --START--
INFO: Run Behavior\BuildLiteBehavior [ RunTime:0.000013s ]
INFO: [ app_init ] --END-- [ RunTime:0.000237s ]
ERR: 无法加载模块:Public

[ 2016-09-19T16:30:11+08:00 ] 221.222.140.24 /Public/Uploads/Picture/2016-09-19/57dfa11098a0d4354.jpeg
INFO: [ app_init ] --START--
INFO: Run Behavior\BuildLiteBehavior [ RunTime:0.000012s ]
INFO: [ app_init ] --END-- [ RunTime:0.000220s ]
ERR: 无法加载模块:Public

[ 2016-09-19T16:31:02+08:00 ] 221.222.140.24 /Public/Uploads/Picture/2016-09-19/57df7c4b61ee66940.jpeg
INFO: [ app_init ] --START--
INFO: Run Behavior\BuildLiteBehavior [ RunTime:0.000027s ]
INFO: [ app_init ] --END-- [ RunTime:0.000467s ]
ERR: 无法加载模块:Public

[ 2016-09-19T16:42:50+08:00 ] 114.241.218.134 /Public/Uploads/Picture/2016-09-19/57df7c4b61e527630.jpeg
INFO: [ app_init ] --START--
INFO: Run Behavior\BuildLiteBehavior [ RunTime:0.000012s ]
INFO: [ app_init ] --END-- [ RunTime:0.000221s ]
ERR: 无法加载模块:Public

[ 2016-09-19T16:46:08+08:00 ] 114.252.42.53 /favicon.ico
INFO: [ app_init ] --START--
INFO: Run Behavior\BuildLiteBehavior [ RunTime:0.000019s ]
INFO: [ app_init ] --END-- [ RunTime:0.000286s ]
ERR: 无法加载模块:Favicon

[ 2016-09-19T17:15:25+08:00 ] 114.241.218.134 /Public/Images/tz-bg.png
INFO: [ app_init ] --START--
INFO: Run Behavior\BuildLiteBehavior [ RunTime:0.000027s ]
INFO: [ app_init ] --END-- [ RunTime:0.192016s ]
ERR: 无法加载模块:Public

[ 2016-09-19T17:28:32+08:00 ] 114.112.125.36 /Public/Lnong/images/lbg.jpg
INFO: [ app_init ] --START--
INFO: Run Behavior\BuildLiteBehavior [ RunTime:0.000018s ]
INFO: [ app_init ] --END-- [ RunTime:0.000289s ]
ERR: 无法加载模块:Public

[ 2016-09-19T17:41:35+08:00 ] 182.132.66.208 /Public/Uploads/Picture/2016-09-19/57dfaed33bc091195.jpeg
INFO: [ app_init ] --START--
INFO: Run Behavior\BuildLiteBehavior [ RunTime:0.000022s ]
INFO: [ app_init ] --END-- [ RunTime:0.011288s ]
ERR: 无法加载模块:Public

[ 2016-09-19T17:42:10+08:00 ] 182.132.66.208 /favicon.ico
INFO: [ app_init ] --START--
INFO: Run Behavior\BuildLiteBehavior [ RunTime:0.000012s ]
INFO: [ app_init ] --END-- [ RunTime:0.000233s ]
ERR: 无法加载模块:Favicon

[ 2016-09-19T18:47:00+08:00 ] 114.241.218.134 /Public/Uploads/Picture/2016-09-19/57df7c4b61f7b7137.jpeg
INFO: [ app_init ] --START--
INFO: Run Behavior\BuildLiteBehavior [ RunTime:0.000015s ]
INFO: [ app_init ] --END-- [ RunTime:0.010976s ]
ERR: 无法加载模块:Public

[ 2016-09-19T18:55:44+08:00 ] 114.241.218.134 /Public/Uploads/Picture/2016-09-19/57df7c4b61f7b7137.jpeg
INFO: [ app_init ] --START--
INFO: Run Behavior\BuildLiteBehavior [ RunTime:0.000015s ]
INFO: [ app_init ] --END-- [ RunTime:0.000263s ]
ERR: 无法加载模块:Public

[ 2016-09-19T18:58:45+08:00 ] 114.241.218.134 /Public/Uploads/Picture/2016-09-19/57df7c4b620099827.jpeg
INFO: [ app_init ] --START--
INFO: Run Behavior\BuildLiteBehavior [ RunTime:0.000014s ]
INFO: [ app_init ] --END-- [ RunTime:0.000251s ]
ERR: 无法加载模块:Public

[ 2016-09-19T20:01:08+08:00 ] 114.241.218.134 /Public/Uploads/Picture/2016-09-19/57df7c4b61f7b7137.jpeg
INFO: [ app_init ] --START--
INFO: Run Behavior\BuildLiteBehavior [ RunTime:0.000015s ]
INFO: [ app_init ] --END-- [ RunTime:0.000260s ]
ERR: 无法加载模块:Public

[ 2016-09-19T20:21:36+08:00 ] 114.241.218.134 /Public/images/icon_add.gif
INFO: [ app_init ] --START--
INFO: Run Behavior\BuildLiteBehavior [ RunTime:0.001754s ]
INFO: [ app_init ] --END-- [ RunTime:0.002008s ]
ERR: 无法加载模块:Public

[ 2016-09-19T20:24:09+08:00 ] 114.241.218.134 /Public/Uploads/Picture/2016-09-19/57df82a3b66385146.
INFO: [ app_init ] --START--
INFO: Run Behavior\BuildLiteBehavior [ RunTime:0.000011s ]
INFO: [ app_init ] --END-- [ RunTime:0.000225s ]
ERR: 无法加载模块:Public

[ 2016-09-19T20:26:59+08:00 ] 114.241.218.134 /Public/Uploads/Picture/2016-09-19/57df7c4b6209f2537.jpeg
INFO: [ app_init ] --START--
INFO: Run Behavior\BuildLiteBehavior [ RunTime:0.000016s ]
INFO: [ app_init ] --END-- [ RunTime:0.000290s ]
ERR: 无法加载模块:Public

