[ 2016-09-11T00:40:10+08:00 ] 1.83.112.225 /Public/Images/tz-bg.png
INFO: [ app_init ] --START--
INFO: Run Behavior\BuildLiteBehavior [ RunTime:0.000015s ]
INFO: [ app_init ] --END-- [ RunTime:0.000270s ]

[ 2016-09-11T03:31:49+08:00 ] 207.46.13.171 /robots.txt
INFO: [ app_init ] --START--
INFO: Run Behavior\BuildLiteBehavior [ RunTime:0.000024s ]
INFO: [ app_init ] --END-- [ RunTime:0.022384s ]
ERR: 无法加载模块:Robots

[ 2016-09-11T06:26:49+08:00 ] 123.126.113.126 /ch/ProductBuy.asp?ProductNo=175857-520
INFO: [ app_init ] --START--
INFO: Run Behavior\BuildLiteBehavior [ RunTime:0.000021s ]
INFO: [ app_init ] --END-- [ RunTime:0.000365s ]
ERR: 无法加载模块:Ch

[ 2016-09-11T06:27:57+08:00 ] 123.126.113.126 /ganju/index.php?c=msg&ts=biaozhun&
INFO: [ app_init ] --START--
INFO: Run Behavior\BuildLiteBehavior [ RunTime:0.000023s ]
INFO: [ app_init ] --END-- [ RunTime:0.020305s ]
ERR: 无法加载模块:Errpage

[ 2016-09-11T06:38:58+08:00 ] 123.126.113.126 /ganju/index.php?c=msg&ts=xiaoshou
INFO: [ app_init ] --START--
INFO: Run Behavior\BuildLiteBehavior [ RunTime:0.000020s ]
INFO: [ app_init ] --END-- [ RunTime:0.000300s ]
ERR: 无法加载模块:Errpage

