[ 2016-09-13T01:43:23+08:00 ] 192.187.104.235 /robots.txt
INFO: [ app_init ] --START--
INFO: Run Behavior\BuildLiteBehavior [ RunTime:0.000030s ]
INFO: [ app_init ] --END-- [ RunTime:0.051229s ]
ERR: 无法加载模块:Robots

[ 2016-09-13T04:21:15+08:00 ] 157.55.39.77 /robots.txt
INFO: [ app_init ] --START--
INFO: Run Behavior\BuildLiteBehavior [ RunTime:0.000020s ]
INFO: [ app_init ] --END-- [ RunTime:0.320265s ]
ERR: 无法加载模块:Robots

[ 2016-09-13T08:46:23+08:00 ] 124.200.88.2 //Public/Home/css/default/icon.png
INFO: [ app_init ] --START--
INFO: Run Behavior\BuildLiteBehavior [ RunTime:0.000019s ]
INFO: [ app_init ] --END-- [ RunTime:0.039674s ]
ERR: 无法加载模块:Public

[ 2016-09-13T08:57:20+08:00 ] 124.200.88.2 //Public/Home/js/skin/layer.css
INFO: [ app_init ] --START--
INFO: Run Behavior\BuildLiteBehavior [ RunTime:0.000013s ]
INFO: [ app_init ] --END-- [ RunTime:0.000239s ]
ERR: 无法加载模块:Public

[ 2016-09-13T12:34:56+08:00 ] 123.126.113.126 /member-password.html
INFO: [ app_init ] --START--
INFO: Run Behavior\BuildLiteBehavior [ RunTime:0.000021s ]
INFO: [ app_init ] --END-- [ RunTime:0.011785s ]
ERR: 无法加载模块:Member-password

